1
-6
-9
-11
-16
-18
-19
24
-25
28
-30
31
33
-37
-41
43
45
-46
-51
-53
-56
-57
58
-59
-62
66
-67
74
-75
87
90
-92
-93
-101
-105
-106
108
-110
-111
-112
-113
-114
120
-124
-126
127
130
135
-137
-144
-145
149
-152
-153
158
160
167
168
-174
-183
188
-191
-192
193
197
198
-200
202
204
209
211
212
213
-214
219
221
-222
-229
246
249
-255
-256
258
-259
-263
267
269
-275
276
-278
282
285
287
289
291
292
293
297
299
300
301
-302
305
306
312
-314
-316
321
-322
332
333
-334
-336
337
-338
339
343
345
346
-354
359
365
367
-370
-371
-373
-377
381
389
-390
-391
394
407
-410
-413
421
430
-431
433
436
-446
-451
452
453
-456
463
466
467
474
476
478
-481
-483
484
485
491
-495
-498
-500
501
504
510
511
513
514
517
530
-534
542
-545
-547
550
-556
-557
-558
559
560
-561
-562
-563
-564
570
572
-573
574
581
583
587
588
590
593
598
-599
605
606
611
615
617
-618
624
627
-628
631
638
-643
-644
647
-650
652
653
654
655
656
-660
-669
-671
-673
-677
678
-681
684
687
690
-692
695
-698
-699
-703
-707
710
-712
-713
-714
726
-727
-732
-734
-735
-736
-737
-738
-743
744
746
749
752
-756
-760
763
765
779
-780
784
-787
793
797
799
-803
-808
809
816
817
818
-823
825
-827
-843
-845
847
-848
852
853
-854
-863
865
868
-870
-872
873
-875
877
-878
895
900
-902
-904
905
-908
909
913
-923
925
-929
-932
-936
941
942
-945
948
949
954
956
-962
-965
968
969
970
-972
-973
974
-978
981
984
-988
990
-995
-999
